<?xml version="1.0" encoding="UTF-8"?>
<robot generator="Robot 7.3.2 (Python 3.13.4 on win32)" generated="2025-12-10T23:40:41.651872" rpa="false" schemaversion="5">
<suite id="s1" name="Reqres Crud" source="C:\Projetos\teste-tecnico-gestran\automation\robot\reqres_crud.robot">
<kw name="Create Session" owner="RequestsLibrary" type="SETUP">
<msg time="2025-12-10T23:40:42.134616" level="INFO">Creating Session using : alias=reqres, url=https://reqres.in/api, headers={},                     cookies={}, auth=None, timeout=None, proxies=None, verify=False,                     debug=0 </msg>
<arg>reqres</arg>
<arg>https://reqres.in/api</arg>
<doc>Create Session: create a HTTP session to a server</doc>
<status status="PASS" start="2025-12-10T23:40:42.118228" elapsed="0.016558"/>
</kw>
<test id="s1-t1" name="POST Criar usuario" line="12">
<kw name="Create Dictionary" owner="BuiltIn">
<msg time="2025-12-10T23:40:42.135533" level="INFO">${payload} = {'name': 'morpheus', 'job': 'leader'}</msg>
<var>${payload}</var>
<arg>name=${NAME}</arg>
<arg>job=${JOB}</arg>
<doc>Creates and returns a dictionary based on the given ``items``.</doc>
<status status="PASS" start="2025-12-10T23:40:42.135273" elapsed="0.000279"/>
</kw>
<kw name="Post Request" owner="RequestsLibrary">
<msg time="2025-12-10T23:40:42.135732" level="WARN">Keyword 'RequestsLibrary.Post Request' is deprecated. Please use `POST On Session` instead.</msg>
<msg time="2025-12-10T23:40:42.237148" level="INFO">POST Request : url=https://reqres.in/api/users 
 path_url=/api/users 
 headers={'User-Agent': 'python-requests/2.32.3', 'Accept-Encoding': 'gzip, deflate', 'Accept': '*/*', 'Connection': 'keep-alive', 'Content-Length': '37', 'Content-Type': 'application/json'} 
 body=b'{"name": "morpheus", "job": "leader"}' 
 </msg>
<msg time="2025-12-10T23:40:42.237244" level="INFO">POST Response : url=https://reqres.in/api/users 
 status=403, reason=Forbidden 
 headers={'Date': 'Thu, 11 Dec 2025 02:40:42 GMT', 'Content-Type': 'text/html; charset=UTF-8', 'Transfer-Encoding': 'chunked', 'Connection': 'close', 'accept-ch': 'Sec-CH-UA-Bitness, Sec-CH-UA-Arch, Sec-CH-UA-Full-Version, Sec-CH-UA-Mobile, Sec-CH-UA-Model, Sec-CH-UA-Platform-Version, Sec-CH-UA-Full-Version-List, Sec-CH-UA-Platform, Sec-CH-UA, UA-Bitness, UA-Arch, UA-Full-Version, UA-Mobile, UA-Model, UA-Platform-Version, UA-Platform, UA', 'cf-mitigated': 'challenge', 'critical-ch': 'Sec-CH-UA-Bitness, Sec-CH-UA-Arch, Sec-CH-UA-Full-Version, Sec-CH-UA-Mobile, Sec-CH-UA-Model, Sec-CH-UA-Platform-Version, Sec-CH-UA-Full-Version-List, Sec-CH-UA-Platform, Sec-CH-UA, UA-Bitness, UA-Arch, UA-Full-Version, UA-Mobile, UA-Model, UA-Platform-Version, UA-Platform, UA', 'cross-origin-embedder-policy': 'require-corp', 'cross-origin-opener-policy': 'same-origin', 'cross-origin-resource-policy': 'same-origin', 'origin-agent-cluster': '?1', 'permissions-policy': 'accelerometer=(),browsing-topics=(),camera=(),clipboard-read=(),clipboard-write=(),geolocation=(),gyroscope=(),hid=(),interest-cohort=(),magnetometer=(),microphone=(),payment=(),publickey-credentials-get=(),screen-wake-lock=(),serial=(),sync-xhr=(),usb=()', 'referrer-policy': 'same-origin', 'server-timing': 'chlray;desc="9ac19e6c98647f14", cfL4;desc="?proto=TCP&amp;rtt=11879&amp;min_rtt=11732&amp;rtt_var=4694&amp;sent=5&amp;recv=7&amp;lost=0&amp;retrans=0&amp;sent_bytes=2830&amp;recv_bytes=880&amp;delivery_rate=315960&amp;cwnd=252&amp;unsent_bytes=0&amp;cid=7a641df1fb9918fd&amp;ts=46&amp;x=0"', 'x-content-type-options': 'nosniff', 'x-frame-options': 'SAMEORIGIN', 'Cache-Control': 'private, max-age=0, no-store, no-cache, must-revalidate, post-check=0, pre-check=0', 'Expires': 'Thu, 01 Jan 1970 00:00:01 GMT', 'Report-To': '{"endpoints":[{"url":"https:\\/\\/a.nel.cloudflare.com\\/report\\/v4?s=DtrCorvxdfXzznAzQI2BXsF8piwXZnulW5zQRkY1IvZ1WMIprHMuYkVkz2aJv2XI3Pg9gd6SvfYoL5euVk6SfeWd0FHqdvVV5zhmFGpIxWDLcVwKO7BnhqggxAwg7lslTRRoKy3vUw%3D%3D"}],"group":"cf-nel","max_age":604800}', 'NEL': '{"success_fraction":0,"report_to":"cf-nel","max_age":604800}', 'Vary': 'Accept-Encoding', 'Server': 'cloudflare', 'CF-RAY': '9ac19e6c98647f14-GRU', 'Content-Encoding': 'gzip'} 
 body=&lt;!DOCTYPE html&gt;&lt;html lang="en-US"&gt;&lt;head&gt;&lt;title&gt;Just a moment...&lt;/title&gt;&lt;meta http-equiv="Content-Type" content="text/html; charset=UTF-8"&gt;&lt;meta http-equiv="X-UA-Compatible" content="IE=Edge"&gt;&lt;meta name="robots" content="noindex,nofollow"&gt;&lt;meta name="viewport" content="width=device-width,initial-scale=1"&gt;&lt;style&gt;*{box-sizing:border-box;margin:0;padding:0}html{line-height:1.15;-webkit-text-size-adjust:100%;color:#313131;font-family:system-ui,-apple-system,BlinkMacSystemFont,"Segoe UI",Roboto,"Helvetica Neue",Arial,"Noto Sans",sans-serif,"Apple Color Emoji","Segoe UI Emoji","Segoe UI Symbol","Noto Color Emoji"}body{display:flex;flex-direction:column;height:100vh;min-height:100vh}.main-content{margin:8rem auto;padding-left:1.5rem;max-width:60rem}@media (width &lt;= 720px){.main-content{margin-top:4rem}}.h2{line-height:2.25rem;font-size:1.5rem;font-weight:500}@media (width &lt;= 720px){.h2{line-height:1.5rem;font-size:1.25rem}}#challenge-error-text{background-image:url("data:image/svg+xml;base64,PHN2ZyB4bWxucz0iaHR0cDovL3d3dy53My5vcmcvMjAwMC9zdmciIHdpZHRoPSIzMiIgaGVpZ2h0PSIzMiIgZmlsbD0ibm9uZSI+PHBhdGggZmlsbD0iI0IyMEYwMyIgZD0iTTE2IDNhMTMgMTMgMCAxIDAgMTMgMTNBMTMuMDE1IDEzLjAxNSAwIDAgMCAxNiAzbTAgMjRhMTEgMTEgMCAxIDEgMTEtMTEgMTEuMDEgMTEuMDEgMCAwIDEtMTEgMTEiLz48cGF0aCBmaWxsPSIjQjIwRjAzIiBkPSJNMTcuMDM4IDE4LjYxNUgxNC44N0wxNC41NjMgOS41aDIuNzgzem0tMS4wODQgMS40MjdxLjY2IDAgMS4wNTcuMzg4LjQwNy4zODkuNDA3Ljk5NCAwIC41OTYtLjQwNy45ODQtLjM5Ny4zOS0xLjA1Ny4zODktLjY1IDAtMS4wNTYtLjM4OS0uMzk4LS4zODktLjM5OC0uOTg0IDAtLjU5Ny4zOTgtLjk4NS40MDYtLjM5NyAxLjA1Ni0uMzk3Ii8+PC9zdmc+");background-repeat:no-repeat;background-size:contain;padding-left:34px}@media (prefers-color-scheme: dark){body{background-color:#222;color:#d9d9d9}}&lt;/style&gt;&lt;meta http-equiv="refresh" content="360"&gt;&lt;/head&gt;&lt;body&gt;&lt;div class="main-wrapper" role="main"&gt;&lt;div class="main-content"&gt;&lt;noscript&gt;&lt;div class="h2"&gt;&lt;span id="challenge-error-text"&gt;Enable JavaScript and cookies to continue&lt;/span&gt;&lt;/div&gt;&lt;/noscript&gt;&lt;/div&gt;&lt;/div&gt;&lt;script&gt;(function(){window._cf_chl_opt = {cvId: '3',cZone: 'reqres.in',cType: 'managed',cRay: '9ac19e6c98647f14',cH: 'nllqAcGgEzrfpHR8K5Evriuqu.kdfoW1_qHVJmFv8yQ-1765420842-1.2.1.1-80JJ1C7vRIzXzAFVQwnxjvOlACNxP1TacWkPXjeUpHeq0cjlExR8XjfCzz_JnNm_',cUPMDTk:"\/api\/users?__cf_chl_tk=tOxYwf1FbY65BZJ30ZENHQv5A2IM23VCs26v.V2uNwU-1765420842-1.0.1.1-9Qqc8dkFasE3guStcQ9zj0hjV0iGIY8e.2szl16P7zg",cFPWv: 'g',cITimeS: '1765420842',cTplC:0,cTplV:5,cTplB: '0',fa:"\/api\/users?__cf_chl_f_tk=tOxYwf1FbY65BZJ30ZENHQv5A2IM23VCs26v.V2uNwU-1765420842-1.0.1.1-9Qqc8dkFasE3guStcQ9zj0hjV0iGIY8e.2szl16P7zg",md: 'WLRDFsWUuKbgDVZ9IR5e_FbWLwUAUQcOrIFDLFAyiY4-1765420842-1.2.1.1-22eFugTqAbHmSNJYswBn5qjYFTq9BvJUCmD8IEOQgg7G_LxUz5d7x1M81PJEWPzQ4oZHkFygqIq9Uali7jQ2NIglOJ7FhV9dWBXnjZwftNy2eQnCw1nfM6NzTJ_okSymIXS1wVN4l57y69TXEPk1udwuYVmtY4vVGNVlH7LdYcj.obQlwKfGNiKx.jWrD9HSh.KZi3I2Cz_WzA6sQc5tGdh2sopx73ycHl5ULdAhM.2xXQa_AwpQXYN3YpDJ53_IGeMYd37nmD.6u0C20bdyAgpJnOgPsVE5YhoTuh6hkI_1ao.Ui2tC0I5kn7PI83JQhQnjp2Xubb0bqYXnIBgRFSOWRcJciZufqPLHb7gRUFTFRg8HjyNyPi33fp0HfDc6a3DndPb1QYRTdKqKTwDxrSMdLOwrdyyVq06SD9_r5ck0RiZanO7wqtz.ng2vWVgasHjiSovNn8LmxLFmKTEd60IB1t532nEgs_D4KAcaTncRPLj21aT6yFNd.6wVMyBKoRrAXYXS.AXptVUshkIQhO_CoYW1nzflnZ7j3knuk8Xcuiwd3umrQEn9z8GbDxJI8IDSV2pI7OIj_eOeBskIusJB_jVzyC6do8d0TAY2qSW8qd0Xre.gYPo1ruHO3kKt47L8iPknfnWRJdvjRBkD_5ytoFgDfBpPDQ.2UzKoBGdwgg3B51.vUZxQ7.eY4clms0ZipWC4d3RGZMaFbPj_hI4i0iG6JDtUBeQ5_u86MYs71.2ESKXZ8JS6bM9xZWDB9gcVyJTnMOmTinsIKIxSj2UvZB2a0Eq0iObCTFii3V13ukk5Q1dspzzFQE1NM_gBjwrEZDGsRIi6VDU.kQ0CfYBwzIXlCTKyAPeM.YLItrhsilzyXgo7fhkM0LiPXZqBVskmdKoszmoFc8Jk0pwuOBMomdzLO2ffe4nXf3alFDUQ7hBP2JZgQn394UJP.2DMuzx4xaTrCkxsXP2cWI0BYw',mdrd: 'WDmkC91YxWHGC7PyYhdirEtuFZ3oAsR53tCh4owhMBU-1765420842-1.2.1.1-Dz7O9Cw1YrDKX5BwSTXcBBo7pdd7d.cyB3vgaDKnzNJfdoptqGCKQHpPoSiGsiDVxXsRDRNvaTcUJlGsXBnDbT2LE63yMh0Ow6rBty.qPqoBxogQs6AG07JMLIRWP0_ZkmsMlOiJTiN5fiiuUTHhIVV9KmeEWZHdfW1_9QC87i9mFYGhGTxp3EigGoqHvWSpWpMOkk9k5X8Y9HweYFBpTl_MFVpSCDcmBVvNmfffTvETONUMBYNNYUnB1cP4yVL0aqRu8IdExq3DnKuqM30E2hxNNihmE.1XbORLn9gwqcM6ll_lwukO6RThg69fBy.3uWy49iGomAxgphLHD96lwpuoGDcaPTNa3F2iJVyEAfXmHYRjh87YcfdgE5PiHPYdyk9bKOyK.MMtTD9_nO3mBFv.JDdpR2MJ._QyuQth2h_DfZX7Nd1MjKxE_T69SrMOeSkYKchh2Jt6U69ud6vYI5O4Wawi8zQeMobCYzN0UwRVUlobX5CAUKCLwulSc7r4ZGMN9IFn47WL92cSCCyEz4rs0QwGeLxN5L3xMhks2vx3iC70Jw_eFbd0Beh3Pd5cfnTm8vkGLJrytIvoa1paa3PyBPXvOENj62xxKUGg6KF2tn06OT2hHpP1.BYmr2_PWQ8fRTb9uaUTnXmcpxnJEOooVvs456irXraXDpGjRKfUtAK1q6RFGq1TgUJsjDclSdE3BbSFM_i5ZcI50LSGUmLy3yJNI0PM3X6h.vYhmWXun.pPXBOo8gtyNjhq4Zy9ZoRk4GZcdTscAind6N1iGkG7LaOy7P.ItGGrNIboP27bH_rJP9q2C9q0shXIh._aoY9pHW8fSa2V5dL0HuyYuvwQZ.hcp2f4iNtDeM2hIfKTw9EsBzWJJrTDrHt6z8o21BHp.KByiF7nAQOn5kCxnJa.ADlK4fYuK35.Iud1HT4byEjZrF.QuTlr1HXWwpth5F0b7Nh9Vi1cO4rutMDHiva9EWr8bQ0bDRQ8I9tfsQm5sVINuVkhyF.sdLs9nsadlIPMnF0ZQN1xYffvkDpHpogOSQ3MkCvB5QjVhgZaDnFj6HHnrct7iKt7swMDwtRs88ZjFuwRoaGirlryQD9RSsdgKFdMax7T.9VJFsBXPfGaJRJ.Sit9rqhuQGaumoCvZpIbDVkBgrHmGdADpnyrvAtJonbD2jFjT6QfmgGw7v.xJoU3HH9Hfhxxrf9pNORX84lkCZ845OB5sMVWXxr1_pQ8okMr7O1pWzV7SIUoftYLtctTMa0ti.0iHbQvHqibDHIVfaX416ibQe0L1DwN60MbQxAdxPQoojdblCH2GEwqy3hz9HlkC818mLssaQVHixIHAjszX8_R9iD9dpRux32LrfS6p0IUft7uaWxWm6sWm6dN5VfkO.rcqI7.LeMdJd.DtNAD_tLLOyV3v03Ia6wtBTJkmHlq3eDkkJfXxpWL9L1YRowa.vF7qaG19F7Iaq.BmaP5gBjB0XwRtqa0Te1HMdwoPbwTnCvAYq4pNf7fEoQk7hmrt5kRJL_BA7N2ajCyrh40QIZBLHFTwz4_5Dwn4LEgwRBb7jjb.K4p5i4D7f9nEyriEtASsyRgVFfW1I5AQccEamWqcIqZoFZoQk0R.rv2yqgThpV36L0L.IHNsKF8bmSwCkc_voDeOygPo8MOgX0BT7H5AdGJJX4u.lbX3bt8PrROSzJfxYUsM.lAyMvghAyFzb8s8jL3b_rwLmhU7K1cXE0UKBLViaVTshM5eCQQlPDh6mDntynB9Q28Z1q.0qPqpjdhD.iBbp4mj.qmxhFnfOwPx4EgN8FgIrug4qh6aPxJ1xGTCbz.TKa.8ycwLhV1ZwoeWkjNg77poBo0PtSQCkJ2wJlpIpwLCg4ZSjLzGJpqmKIujNR3GvkDTU.vkrqmLtLxCmwejqrAjGJ6exCKhRXwc.5daKuVYNPaaoDbI_cXH7jwfAU8PQr3tuUDMxgpL4M9HHnQO83LL9Jag2HFucayVL2yz61kndu0UJA_0r0NUSFt4nVxri4aMhTLicqjGeumyHRMWFfCAloeLxK8upHALksNnwNZr1r90xKDNKKZfqS7TdtZmTNMEphlIAAS5Smp7oYMBwmo.U7S6s6speHXCsoeGJcM8FvPpbBXsDjrF8GN9DoxbKSnvLfSvDTsUBFReGpmtNrQ92OC59iwDyk1ep3D0DKF40o5YO4oeLe3uDRgbE8etS4PcYrKuFR63OjgzS.bzecnwbvSczjBIURQb2h17KxBqjwWcmmtDOd3kgOhoDhgNX99c.D7Z9Ex5vOhsdJZKA3m9PdoierAMDWKxZURuMnF4nq641Vh_DijhfSOpTfxXTz_vJW7Vd_W.Cxijzh5JKBdW9O8pgmYECmTXMaqw_IJGhArRBlGFKKxmmCGUNKF5zgZZjNAZ8NcpiBbJcwvUWAguTHofSgUBmYgjcIvZevhvM83ftkA46OsRtvQDaCTcZU',};var a = document.createElement('script');a.src = '/cdn-cgi/challenge-platform/h/g/orchestrate/chl_page/v1?ray=9ac19e6c98647f14';window._cf_chl_opt.cOgUHash = location.hash === '' &amp;&amp; location.href.indexOf('#') !== -1 ? '#' : location.hash;window._cf_chl_opt.cOgUQuery = location.search === '' &amp;&amp; location.href.slice(0, location.href.length - window._cf_chl_opt.cOgUHash.length).indexOf('?') !== -1 ? '?' : location.search;if (window.history &amp;&amp; window.history.replaceState) {var ogU = location.pathname + window._cf_chl_opt.cOgUQuery + window._cf_chl_opt.cOgUHash;history.replaceState(null, null,"\/api\/users?__cf_chl_rt_tk=tOxYwf1FbY65BZJ30ZENHQv5A2IM23VCs26v.V2uNwU-1765420842-1.0.1.1-9Qqc8dkFasE3guStcQ9zj0hjV0iGIY8e.2szl16P7zg"+ window._cf_chl_opt.cOgUHash);a.onload = function() {history.replaceState(null, null, ogU);}}document.getElementsByTagName('head')[0].appendChild(a);}());&lt;/script&gt;&lt;/body&gt;&lt;/html&gt; 
 </msg>
<msg time="2025-12-10T23:40:42.237498" level="INFO">C:\Users\Leandro\AppData\Roaming\Python\Python313\site-packages\urllib3\connectionpool.py:1100: InsecureRequestWarning: Unverified HTTPS request is being made to host 'reqres.in'. Adding certificate verification is strongly advised. See: https://urllib3.readthedocs.io/en/latest/advanced-usage.html#tls-warnings
  warnings.warn(</msg>
<msg time="2025-12-10T23:40:42.237761" level="INFO">${response} = &lt;Response [403]&gt;</msg>
<var>${response}</var>
<arg>reqres</arg>
<arg>/users</arg>
<arg>json=${payload}</arg>
<doc>*DEPRECATED* Please use `POST On Session` instead.</doc>
<status status="PASS" start="2025-12-10T23:40:42.135712" elapsed="0.102090"/>
</kw>
<kw name="Should Be Equal As Integers" owner="BuiltIn">
<msg time="2025-12-10T23:40:42.238512" level="INFO">Argument types are:
&lt;class 'int'&gt;
&lt;class 'str'&gt;</msg>
<msg time="2025-12-10T23:40:42.238613" level="FAIL">403 != 201</msg>
<arg>${response.status_code}</arg>
<arg>201</arg>
<doc>Fails if objects are unequal after converting them to integers.</doc>
<status status="FAIL" start="2025-12-10T23:40:42.238061" elapsed="0.000657">403 != 201</status>
</kw>
<kw name="Set Variable" owner="BuiltIn">
<var>${json}</var>
<arg>${response.json()}</arg>
<doc>Returns the given values which can then be assigned to a variables.</doc>
<status status="NOT RUN" start="2025-12-10T23:40:42.239182" elapsed="0.000031"/>
</kw>
<kw name="Should Not Be Empty" owner="BuiltIn">
<arg>${json}[id]</arg>
<doc>Verifies that the given item is not empty.</doc>
<status status="NOT RUN" start="2025-12-10T23:40:42.239358" elapsed="0.000016"/>
</kw>
<kw name="Set Suite Variable" owner="BuiltIn">
<arg>${USER_ID}</arg>
<arg>${json}[id]</arg>
<doc>Makes a variable available everywhere within the scope of the current suite.</doc>
<status status="NOT RUN" start="2025-12-10T23:40:42.239572" elapsed="0.000015"/>
</kw>
<status status="FAIL" start="2025-12-10T23:40:42.134899" elapsed="0.104872">403 != 201</status>
</test>
<test id="s1-t2" name="GET Obter usuario criado" line="20">
<kw name="Should Not Be Equal" owner="BuiltIn">
<msg time="2025-12-10T23:40:42.240863" level="FAIL">None == None</msg>
<arg>${USER_ID}</arg>
<arg>None</arg>
<doc>Fails if the given objects are equal.</doc>
<status status="FAIL" start="2025-12-10T23:40:42.240697" elapsed="0.000222">None == None</status>
</kw>
<kw name="Get Request" owner="RequestsLibrary">
<msg time="2025-12-10T23:40:42.241085" level="WARN">Keyword 'RequestsLibrary.Get Request' is deprecated. Please use `GET On Session` instead.</msg>
<var>${response}</var>
<arg>reqres</arg>
<arg>/users/${USER_ID}</arg>
<doc>*DEPRECATED* Please use `GET On Session` instead.</doc>
<status status="NOT RUN" start="2025-12-10T23:40:42.241069" elapsed="0.000235"/>
</kw>
<kw name="Should Be Equal As Integers" owner="BuiltIn">
<arg>${response.status_code}</arg>
<arg>200</arg>
<doc>Fails if objects are unequal after converting them to integers.</doc>
<status status="NOT RUN" start="2025-12-10T23:40:42.241383" elapsed="0.000011"/>
</kw>
<status status="FAIL" start="2025-12-10T23:40:42.240326" elapsed="0.001180">None == None</status>
</test>
<test id="s1-t3" name="PUT Atualizar usuario" line="25">
<kw name="Create Dictionary" owner="BuiltIn">
<msg time="2025-12-10T23:40:42.242197" level="INFO">${payload} = {'name': 'morpheus', 'job': 'zion resident'}</msg>
<var>${payload}</var>
<arg>name=${NAME}</arg>
<arg>job=${UPDATED_JOB}</arg>
<doc>Creates and returns a dictionary based on the given ``items``.</doc>
<status status="PASS" start="2025-12-10T23:40:42.242028" elapsed="0.000187"/>
</kw>
<kw name="Put Request" owner="RequestsLibrary">
<msg time="2025-12-10T23:40:42.242491" level="WARN">Keyword 'RequestsLibrary.Put Request' is deprecated. Please use `PUT On Session` instead.</msg>
<msg time="2025-12-10T23:40:42.309132" level="INFO">PUT Request : url=https://reqres.in/api/users/None 
 path_url=/api/users/None 
 headers={'User-Agent': 'python-requests/2.32.3', 'Accept-Encoding': 'gzip, deflate', 'Accept': '*/*', 'Connection': 'keep-alive', 'Content-Length': '44', 'Content-Type': 'application/json'} 
 body=b'{"name": "morpheus", "job": "zion resident"}' 
 </msg>
<msg time="2025-12-10T23:40:42.309211" level="INFO">PUT Response : url=https://reqres.in/api/users/None 
 status=403, reason=Forbidden 
 headers={'Date': 'Thu, 11 Dec 2025 02:40:43 GMT', 'Content-Type': 'text/html; charset=UTF-8', 'Transfer-Encoding': 'chunked', 'Connection': 'close', 'accept-ch': 'Sec-CH-UA-Bitness, Sec-CH-UA-Arch, Sec-CH-UA-Full-Version, Sec-CH-UA-Mobile, Sec-CH-UA-Model, Sec-CH-UA-Platform-Version, Sec-CH-UA-Full-Version-List, Sec-CH-UA-Platform, Sec-CH-UA, UA-Bitness, UA-Arch, UA-Full-Version, UA-Mobile, UA-Model, UA-Platform-Version, UA-Platform, UA', 'cf-mitigated': 'challenge', 'critical-ch': 'Sec-CH-UA-Bitness, Sec-CH-UA-Arch, Sec-CH-UA-Full-Version, Sec-CH-UA-Mobile, Sec-CH-UA-Model, Sec-CH-UA-Platform-Version, Sec-CH-UA-Full-Version-List, Sec-CH-UA-Platform, Sec-CH-UA, UA-Bitness, UA-Arch, UA-Full-Version, UA-Mobile, UA-Model, UA-Platform-Version, UA-Platform, UA', 'cross-origin-embedder-policy': 'require-corp', 'cross-origin-opener-policy': 'same-origin', 'cross-origin-resource-policy': 'same-origin', 'origin-agent-cluster': '?1', 'permissions-policy': 'accelerometer=(),browsing-topics=(),camera=(),clipboard-read=(),clipboard-write=(),geolocation=(),gyroscope=(),hid=(),interest-cohort=(),magnetometer=(),microphone=(),payment=(),publickey-credentials-get=(),screen-wake-lock=(),serial=(),sync-xhr=(),usb=()', 'referrer-policy': 'same-origin', 'server-timing': 'chlray;desc="9ac19e6d0c6af521", cfL4;desc="?proto=TCP&amp;rtt=11497&amp;min_rtt=10997&amp;rtt_var=4481&amp;sent=5&amp;recv=7&amp;lost=0&amp;retrans=0&amp;sent_bytes=2830&amp;recv_bytes=891&amp;delivery_rate=371010&amp;cwnd=252&amp;unsent_bytes=0&amp;cid=38c5f7c31dc6ee38&amp;ts=29&amp;x=0"', 'x-content-type-options': 'nosniff', 'x-frame-options': 'SAMEORIGIN', 'Cache-Control': 'private, max-age=0, no-store, no-cache, must-revalidate, post-check=0, pre-check=0', 'Expires': 'Thu, 01 Jan 1970 00:00:01 GMT', 'Report-To': '{"endpoints":[{"url":"https:\\/\\/a.nel.cloudflare.com\\/report\\/v4?s=dcaV%2FUFb2UbIBCdOUE0xT1XlFNBGnC4AjNir7dIR875lESQlaAV2foOFatuhoVSmQ4Df0V9JfdNCPS%2FEbhZrfFOOPEMrdp0rWjanRKVHbHNp2K7WUr5Sa5MxErt%2FDtYmZTg8GPtpyg%3D%3D"}],"group":"cf-nel","max_age":604800}', 'NEL': '{"success_fraction":0,"report_to":"cf-nel","max_age":604800}', 'Vary': 'Accept-Encoding', 'Server': 'cloudflare', 'CF-RAY': '9ac19e6d0c6af521-GRU', 'Content-Encoding': 'gzip'} 
 body=&lt;!DOCTYPE html&gt;&lt;html lang="en-US"&gt;&lt;head&gt;&lt;title&gt;Just a moment...&lt;/title&gt;&lt;meta http-equiv="Content-Type" content="text/html; charset=UTF-8"&gt;&lt;meta http-equiv="X-UA-Compatible" content="IE=Edge"&gt;&lt;meta name="robots" content="noindex,nofollow"&gt;&lt;meta name="viewport" content="width=device-width,initial-scale=1"&gt;&lt;style&gt;*{box-sizing:border-box;margin:0;padding:0}html{line-height:1.15;-webkit-text-size-adjust:100%;color:#313131;font-family:system-ui,-apple-system,BlinkMacSystemFont,"Segoe UI",Roboto,"Helvetica Neue",Arial,"Noto Sans",sans-serif,"Apple Color Emoji","Segoe UI Emoji","Segoe UI Symbol","Noto Color Emoji"}body{display:flex;flex-direction:column;height:100vh;min-height:100vh}.main-content{margin:8rem auto;padding-left:1.5rem;max-width:60rem}@media (width &lt;= 720px){.main-content{margin-top:4rem}}.h2{line-height:2.25rem;font-size:1.5rem;font-weight:500}@media (width &lt;= 720px){.h2{line-height:1.5rem;font-size:1.25rem}}#challenge-error-text{background-image:url("data:image/svg+xml;base64,PHN2ZyB4bWxucz0iaHR0cDovL3d3dy53My5vcmcvMjAwMC9zdmciIHdpZHRoPSIzMiIgaGVpZ2h0PSIzMiIgZmlsbD0ibm9uZSI+PHBhdGggZmlsbD0iI0IyMEYwMyIgZD0iTTE2IDNhMTMgMTMgMCAxIDAgMTMgMTNBMTMuMDE1IDEzLjAxNSAwIDAgMCAxNiAzbTAgMjRhMTEgMTEgMCAxIDEgMTEtMTEgMTEuMDEgMTEuMDEgMCAwIDEtMTEgMTEiLz48cGF0aCBmaWxsPSIjQjIwRjAzIiBkPSJNMTcuMDM4IDE4LjYxNUgxNC44N0wxNC41NjMgOS41aDIuNzgzem0tMS4wODQgMS40MjdxLjY2IDAgMS4wNTcuMzg4LjQwNy4zODkuNDA3Ljk5NCAwIC41OTYtLjQwNy45ODQtLjM5Ny4zOS0xLjA1Ny4zODktLjY1IDAtMS4wNTYtLjM4OS0uMzk4LS4zODktLjM5OC0uOTg0IDAtLjU5Ny4zOTgtLjk4NS40MDYtLjM5NyAxLjA1Ni0uMzk3Ii8+PC9zdmc+");background-repeat:no-repeat;background-size:contain;padding-left:34px}@media (prefers-color-scheme: dark){body{background-color:#222;color:#d9d9d9}}&lt;/style&gt;&lt;meta http-equiv="refresh" content="360"&gt;&lt;/head&gt;&lt;body&gt;&lt;div class="main-wrapper" role="main"&gt;&lt;div class="main-content"&gt;&lt;noscript&gt;&lt;div class="h2"&gt;&lt;span id="challenge-error-text"&gt;Enable JavaScript and cookies to continue&lt;/span&gt;&lt;/div&gt;&lt;/noscript&gt;&lt;/div&gt;&lt;/div&gt;&lt;script&gt;(function(){window._cf_chl_opt = {cvId: '3',cZone: 'reqres.in',cType: 'managed',cRay: '9ac19e6d0c6af521',cH: 'HB30okUddgqf3fyYrgsqVizXGScuBf2ecjch57FOPq0-1765420843-1.2.1.1-J7goEK3rqMn99sDxMN3sB7MIIc1mOzSXGX94KCBIoUQFCatxO16YSfKRk0eyyC7m',cUPMDTk:"\/api\/users\/None?__cf_chl_tk=Uzn4DQUO7byZgu_Gw9X8R28CrJE9Lw_8L.VBzoa98Y4-1765420843-1.0.1.1-78fjWd8FRhhldHeTDAMtwL1ruYnL781ZtOOKQ2FQbew",cFPWv: 'g',cITimeS: '1765420843',cTplC:0,cTplV:5,cTplB: '0',fa:"\/api\/users\/None?__cf_chl_f_tk=Uzn4DQUO7byZgu_Gw9X8R28CrJE9Lw_8L.VBzoa98Y4-1765420843-1.0.1.1-78fjWd8FRhhldHeTDAMtwL1ruYnL781ZtOOKQ2FQbew",md: '0WC_3.heXDZHJq3DF.6xvrYXNK08295.t7q7E.5CQuA-1765420843-1.2.1.1-LWceCHQcdOYlg2ZeeRkLreoxn9uyTA8DPlJ4zO47wP5jEBwCNXPgudzGZhytHnH.uvNe6MMTeRmdO0mXwlgY7TOyvOIKFtTqKhJtO8FDpcIz0fHhVd2oQEZXZ5SOfopascUzBgZ2hIbZ11gXYp0CgHc8UfnsDLtZcL6w.YGQO7Gbtroy5JxiW4jqmEg1toM9hiw9Fq5_0VO0LIDP615ODzzqS.QhkvXbivkWMdaHl8DeJdapUVasV_P8_wkjxWcBgV6ZbSLhcH68I.JBESTA6G_tT448BjNlttyqY.E55d1aU87yklJnN1kvOoKRYY5JqJg4KvrIvlfneqGhYmCDi8J2GN1YX6VvNv6sImyxw_n6z6koA6DMRMhcFXMS8gEA7wwQGL.7YxduvTO7Sgx5FqyI1QMD5it05yMd0wjvqtFGRMYLICrc6NUz7kowEddv.CQCBM_FR0xuzYL4MkzRuFD2GImsmcoGcOOAng0Hryc5..SzTd9hq0cOvH.w6HhiAzpaIpOV1YIuXaOUnsT3iDzKORVuAUfbhzvOu6bxsC3ZnKSNEGqOJJ6rIVC8mGf7THDs8nBjBZsduAVjkuBbkGgnUTCLnjAjQK4wRp5ou.NPqStYhnNW0wgsFKHaKdPK0LONM3_4wdfbqYVUjutqJaIJjknk8S5FF0QcRGpRx_l425DmQ0FbYGVTC2rk0hmMqdTmbK2ztjz9y7urldK7NzujfNzelyCWMzHq1CvfHQgb9VGXDBFUOnTjyUL7fSIq4c2Msdix.G5AFjhRauDejDldQ1RM22SIIFx4FCzHZtDSfrSXLTWwtBpqV8y149e7Pk2Gn.W9yxL_G5flKhvB4yNLw0dYXs.38PIhJXel5swHOvqa68_kv.0a7hmVn7wo9qN4pHetIDgyOtBUZc_5x6S5EVKW4eUJKFeFuqg5oQ0M1JEMF4UHD2F81KGtP_j8fyO0UTgu9iZtCOqAFGoGkQ',mdrd: 'XpgV3ufCDk95yrBN4ZXaJTmREqWEfZ0BSfJTWu8Xdfo-1765420843-1.2.1.1-3iTWq7su1wP3cOEo4LFoXjMsfcA9nUvv3NWwxAVZfcVxlQIxKLARFtv_VmOC9yHHwZtkWC_qeNKebllZ9RUw0nhnGGUAB8kFf_W3b_iX5U8m72j1LhMqJtvhJCoWdyC34N7SEwhYAwxlakOO0QrAMLWS_GNpJJABpEoglSpb1q3RD8NDYYxTfesUAHMW9iWA8sXe80gvYzTqMAIj0TLSGQdBzNm_4pzJgFglDNAhU9HJaKnYgpjI3nBrFTOQxsJK0Fs0q.BhxcJ9RpQiG9FSUlIz3MRxVA4.mSRc_SOnjBodB3s3QB3L_3JkCddw.LdwpExWsR8..lex92XCaeC2QmlgFNfa_ihd3yosOUW3IvxQ5IIeGTbGLaWk9H6RDzU2HEwPA6_FNq4T2oXBxn2MsKIelLaYlJVO0tzUDw2JmhcnzH_t_IqXNxXrj8PN_B7803QZ9GEJiIh8PuJtPq23EJ717SeEx6AHAyyztIXi9FiPQpRv2aLxPsSsif9LKTnxXkj6Xu5XmgigxCoNZ1jevr_72BiV5DfW5DQyhPJ2j3uF3eBU.o2.rbymjeiFinMlai7NK2DskR77ocLF.y5WOrr9KiF7EXWuYAekyK6Weh4SkUvR3Qmub.lFx5SifiY9GocY36ow8EkHILsMzzv7Gi3fcMF5W3ZzVj66kCV7Tabivex.JxNG4Ti41AaajyyKO2jn1gsHwmdiEsxbCAtDlHhO8LiCQlvU0FOlos3d3DGsTf.Jg7o45dgswCuvtOsuS_MGqFyyG1N632LyLnyD4Mb.lDJU3MiAZTdnzhbDcTCM2bOHzUKLduc0D0xlWf0cGFA9z4N_OmUxy0H6rDwW34Z1Azrg8RlVXLBYmWYtG6LzcfXaA4hhXoz7MRsO0lqfMKO_6oDM47vS_TJ5BgfPBZvC4Ldijy5kqUG5Ml4bgsLT7PeD25U4fmKlAjs4I3WX2ZXUcj0XL6WmDBf5n9UpfNq_GyYNCytAJSJ12GfHKY1xIqsrSg.hsuJLUKBXlGbOd6wIZFvsp6CJ0bljeFtU_tpOe9Elp1cPLSCKxG_SO.rkK70HMYZfo.zgh.VK7cLDi12._NqUvei071xdnzwKafuhJ9c9orsBUJqBPgg0AN0u5wTebiBIRSpCBcs1jYMtPnR3TPaG0JTLSZ_5PHaO2lV12fQv3vabZG62wjI9oUQo2ev1qi2QAhYIOLFxCxuJehrZdijxoYuyphIfrO1V2MnYWmQUVaJ21MXv_AMfAnAbO1LBRjlRe39qrBqDD9nG4bN8MTFInhGF15kyNu7jY_y8G.GnqiIVShvAkq2luFCamH2PYE0DcZfPbEfkpPReJxsdKz9v6KiS7HBMWclKYNA7eHup1x2iVVuCTm_dYDoBE23AIsdKQr2kG.26244Inv3fo.AoKx50ykXqlN5ovz7Q2Dcn8qICdgRe17NSt9l7R_ftSZcMH6MMRJXvJhCeuDca2XgOT9oqr0jUQUFYKjVKy3kW8yp5iYbYRysSHlBD9s18p8zQFQdMGHDuBSUbERi80B9vBilMuLWAuuFeRDn6r2Relzpv1vWk7_70sK_N0A80u.BNYAqcRiuE88Hcw.x1HU4T1F9_KXDRHlmo0pVtaxR.EuC46iSGHQcE27b3_ydLwZSVnuMFURMti6RCdaMq.MhXSZivFB5GPjN7hh9zg1WZfkUgnKQtNRBEiEsAnBYKjWqyquYxwjwZj0ftu1ueYYxclaghnyMMa8cpLmf4KhtN5Vg5NPuCsxR1M1KU1g5gORdvvE_ywRncBgt9ZMb_buXMHYI.btQcUMZKoqzBChEKPpIMtqZGu6xysUSXLvIi7mopqYZJof3xmsM6L48UeXU3dQuoZ5KcvMd9VYRVyK.KYJcBE3tGlMBxO9PBWOR4B4wlnwk2s4NsMS4SC6aq_SCwbN01ojoR4j8EqIIWpPp9ejpJXHnE4Cmaok3osYGtYopkALAu1_hjEhp8aNdYa5MLYAnCLyWnom4mzuJxqAOFDNrtwZPMCe6sxD8kgUVLa5cUhsDotKDKQuXjPtyB0te0uUjyK6VgAeHlt53S0MxrGWmlN8ZuiTm.FBtrokB.SWV37S3wvHDmZwKcP1M.93a2enSZwi3omagX3tlVREDoMfIbf64QvaE1zHTLlhb_chlTAxmnT2w2gTaGRnyTrvEKe6znJMgmLNjHfPKdC3JFJNPDPL9SuRSWnoS1kVfxuCVdymrrggD4cBZBTEqnZVVVj48dg9iUGCaCof9lTvQjb1AyNJYL0n5BOi.Mrqc7_7Z6u3tv_z1IYHw2tatPvu7emyFDVfHZemsdNsHjHle7f4vGtPgVQzbEnSCgjPXVG1MORFTVyrs6ojiKU1rlfBxuvfEVvU6_aiQtamkJltfcNDpSFA0N0JK2VDIICHOdAIy4jNPVHbKeCXc_oZkZ3sPM_fne8WhxcfsX992edoNPMclkWBWdZs.ycs8',};var a = document.createElement('script');a.src = '/cdn-cgi/challenge-platform/h/g/orchestrate/chl_page/v1?ray=9ac19e6d0c6af521';window._cf_chl_opt.cOgUHash = location.hash === '' &amp;&amp; location.href.indexOf('#') !== -1 ? '#' : location.hash;window._cf_chl_opt.cOgUQuery = location.search === '' &amp;&amp; location.href.slice(0, location.href.length - window._cf_chl_opt.cOgUHash.length).indexOf('?') !== -1 ? '?' : location.search;if (window.history &amp;&amp; window.history.replaceState) {var ogU = location.pathname + window._cf_chl_opt.cOgUQuery + window._cf_chl_opt.cOgUHash;history.replaceState(null, null,"\/api\/users\/None?__cf_chl_rt_tk=Uzn4DQUO7byZgu_Gw9X8R28CrJE9Lw_8L.VBzoa98Y4-1765420843-1.0.1.1-78fjWd8FRhhldHeTDAMtwL1ruYnL781ZtOOKQ2FQbew"+ window._cf_chl_opt.cOgUHash);a.onload = function() {history.replaceState(null, null, ogU);}}document.getElementsByTagName('head')[0].appendChild(a);}());&lt;/script&gt;&lt;/body&gt;&lt;/html&gt; 
 </msg>
<msg time="2025-12-10T23:40:42.309412" level="INFO">C:\Users\Leandro\AppData\Roaming\Python\Python313\site-packages\urllib3\connectionpool.py:1100: InsecureRequestWarning: Unverified HTTPS request is being made to host 'reqres.in'. Adding certificate verification is strongly advised. See: https://urllib3.readthedocs.io/en/latest/advanced-usage.html#tls-warnings
  warnings.warn(</msg>
<msg time="2025-12-10T23:40:42.309698" level="INFO">${response} = &lt;Response [403]&gt;</msg>
<var>${response}</var>
<arg>reqres</arg>
<arg>/users/${USER_ID}</arg>
<arg>json=${payload}</arg>
<doc>*DEPRECATED* Please use `PUT On Session` instead.</doc>
<status status="PASS" start="2025-12-10T23:40:42.242472" elapsed="0.067244"/>
</kw>
<kw name="Should Be Equal As Integers" owner="BuiltIn">
<msg time="2025-12-10T23:40:42.310303" level="INFO">Argument types are:
&lt;class 'int'&gt;
&lt;class 'str'&gt;</msg>
<msg time="2025-12-10T23:40:42.310376" level="FAIL">403 != 200</msg>
<arg>${response.status_code}</arg>
<arg>200</arg>
<doc>Fails if objects are unequal after converting them to integers.</doc>
<status status="FAIL" start="2025-12-10T23:40:42.309968" elapsed="0.000457">403 != 200</status>
</kw>
<status status="FAIL" start="2025-12-10T23:40:42.241861" elapsed="0.068900">403 != 200</status>
</test>
<test id="s1-t4" name="DELETE Excluir usuario" line="30">
<kw name="Delete Request" owner="RequestsLibrary">
<msg time="2025-12-10T23:40:42.311628" level="WARN">Keyword 'RequestsLibrary.Delete Request' is deprecated. Please use `DELETE On Session` instead.</msg>
<msg time="2025-12-10T23:40:42.383718" level="INFO">DELETE Request : url=https://reqres.in/api/users/None 
 path_url=/api/users/None 
 headers={'User-Agent': 'python-requests/2.32.3', 'Accept-Encoding': 'gzip, deflate', 'Accept': '*/*', 'Connection': 'keep-alive', 'Content-Length': '0'} 
 body=None 
 </msg>
<msg time="2025-12-10T23:40:42.383807" level="INFO">DELETE Response : url=https://reqres.in/api/users/None 
 status=403, reason=Forbidden 
 headers={'Date': 'Thu, 11 Dec 2025 02:40:43 GMT', 'Content-Type': 'text/html; charset=UTF-8', 'Transfer-Encoding': 'chunked', 'Connection': 'close', 'accept-ch': 'Sec-CH-UA-Bitness, Sec-CH-UA-Arch, Sec-CH-UA-Full-Version, Sec-CH-UA-Mobile, Sec-CH-UA-Model, Sec-CH-UA-Platform-Version, Sec-CH-UA-Full-Version-List, Sec-CH-UA-Platform, Sec-CH-UA, UA-Bitness, UA-Arch, UA-Full-Version, UA-Mobile, UA-Model, UA-Platform-Version, UA-Platform, UA', 'cf-mitigated': 'challenge', 'critical-ch': 'Sec-CH-UA-Bitness, Sec-CH-UA-Arch, Sec-CH-UA-Full-Version, Sec-CH-UA-Mobile, Sec-CH-UA-Model, Sec-CH-UA-Platform-Version, Sec-CH-UA-Full-Version-List, Sec-CH-UA-Platform, Sec-CH-UA, UA-Bitness, UA-Arch, UA-Full-Version, UA-Mobile, UA-Model, UA-Platform-Version, UA-Platform, UA', 'cross-origin-embedder-policy': 'require-corp', 'cross-origin-opener-policy': 'same-origin', 'cross-origin-resource-policy': 'same-origin', 'origin-agent-cluster': '?1', 'permissions-policy': 'accelerometer=(),browsing-topics=(),camera=(),clipboard-read=(),clipboard-write=(),geolocation=(),gyroscope=(),hid=(),interest-cohort=(),magnetometer=(),microphone=(),payment=(),publickey-credentials-get=(),screen-wake-lock=(),serial=(),sync-xhr=(),usb=()', 'referrer-policy': 'same-origin', 'server-timing': 'chlray;desc="9ac19e6d7e1dc8ae", cfL4;desc="?proto=TCP&amp;rtt=11637&amp;min_rtt=11476&amp;rtt_var=4627&amp;sent=5&amp;recv=6&amp;lost=0&amp;retrans=0&amp;sent_bytes=2831&amp;recv_bytes=795&amp;delivery_rate=319498&amp;cwnd=248&amp;unsent_bytes=0&amp;cid=5eb1d221169440d7&amp;ts=31&amp;x=0"', 'x-content-type-options': 'nosniff', 'x-frame-options': 'SAMEORIGIN', 'Cache-Control': 'private, max-age=0, no-store, no-cache, must-revalidate, post-check=0, pre-check=0', 'Expires': 'Thu, 01 Jan 1970 00:00:01 GMT', 'Report-To': '{"endpoints":[{"url":"https:\\/\\/a.nel.cloudflare.com\\/report\\/v4?s=E4rL6vMwB5pAwi3nezb2B9ro1mwQYawhc9w4a548qRr87gW36IO3lje4f9l5wsI7RayiOyiUOKPsEyW%2FxbctYRbsaPRdkHur%2BQYfy3zRPcr3MgWICZc6AbwDK%2BLRfBsxRwzZEnJxuQ%3D%3D"}],"group":"cf-nel","max_age":604800}', 'NEL': '{"success_fraction":0,"report_to":"cf-nel","max_age":604800}', 'Vary': 'Accept-Encoding', 'Server': 'cloudflare', 'CF-RAY': '9ac19e6d7e1dc8ae-GRU', 'Content-Encoding': 'gzip'} 
 body=&lt;!DOCTYPE html&gt;&lt;html lang="en-US"&gt;&lt;head&gt;&lt;title&gt;Just a moment...&lt;/title&gt;&lt;meta http-equiv="Content-Type" content="text/html; charset=UTF-8"&gt;&lt;meta http-equiv="X-UA-Compatible" content="IE=Edge"&gt;&lt;meta name="robots" content="noindex,nofollow"&gt;&lt;meta name="viewport" content="width=device-width,initial-scale=1"&gt;&lt;style&gt;*{box-sizing:border-box;margin:0;padding:0}html{line-height:1.15;-webkit-text-size-adjust:100%;color:#313131;font-family:system-ui,-apple-system,BlinkMacSystemFont,"Segoe UI",Roboto,"Helvetica Neue",Arial,"Noto Sans",sans-serif,"Apple Color Emoji","Segoe UI Emoji","Segoe UI Symbol","Noto Color Emoji"}body{display:flex;flex-direction:column;height:100vh;min-height:100vh}.main-content{margin:8rem auto;padding-left:1.5rem;max-width:60rem}@media (width &lt;= 720px){.main-content{margin-top:4rem}}.h2{line-height:2.25rem;font-size:1.5rem;font-weight:500}@media (width &lt;= 720px){.h2{line-height:1.5rem;font-size:1.25rem}}#challenge-error-text{background-image:url("data:image/svg+xml;base64,PHN2ZyB4bWxucz0iaHR0cDovL3d3dy53My5vcmcvMjAwMC9zdmciIHdpZHRoPSIzMiIgaGVpZ2h0PSIzMiIgZmlsbD0ibm9uZSI+PHBhdGggZmlsbD0iI0IyMEYwMyIgZD0iTTE2IDNhMTMgMTMgMCAxIDAgMTMgMTNBMTMuMDE1IDEzLjAxNSAwIDAgMCAxNiAzbTAgMjRhMTEgMTEgMCAxIDEgMTEtMTEgMTEuMDEgMTEuMDEgMCAwIDEtMTEgMTEiLz48cGF0aCBmaWxsPSIjQjIwRjAzIiBkPSJNMTcuMDM4IDE4LjYxNUgxNC44N0wxNC41NjMgOS41aDIuNzgzem0tMS4wODQgMS40MjdxLjY2IDAgMS4wNTcuMzg4LjQwNy4zODkuNDA3Ljk5NCAwIC41OTYtLjQwNy45ODQtLjM5Ny4zOS0xLjA1Ny4zODktLjY1IDAtMS4wNTYtLjM4OS0uMzk4LS4zODktLjM5OC0uOTg0IDAtLjU5Ny4zOTgtLjk4NS40MDYtLjM5NyAxLjA1Ni0uMzk3Ii8+PC9zdmc+");background-repeat:no-repeat;background-size:contain;padding-left:34px}@media (prefers-color-scheme: dark){body{background-color:#222;color:#d9d9d9}}&lt;/style&gt;&lt;meta http-equiv="refresh" content="360"&gt;&lt;/head&gt;&lt;body&gt;&lt;div class="main-wrapper" role="main"&gt;&lt;div class="main-content"&gt;&lt;noscript&gt;&lt;div class="h2"&gt;&lt;span id="challenge-error-text"&gt;Enable JavaScript and cookies to continue&lt;/span&gt;&lt;/div&gt;&lt;/noscript&gt;&lt;/div&gt;&lt;/div&gt;&lt;script&gt;(function(){window._cf_chl_opt = {cvId: '3',cZone: 'reqres.in',cType: 'managed',cRay: '9ac19e6d7e1dc8ae',cH: 'N8pjHtgMpPmW4krxn4ueaHjDaPiJcEOZ4RJWa4HpgTc-1765420843-1.2.1.1-wYQhIUIAwSd1bCauXn1m11mCtCMYiXtveePC9gpfFJmK8gDoZIqtg0rrGkK69W8p',cUPMDTk:"\/api\/users\/None?__cf_chl_tk=bYjFRPgEdZ5Hohli3bF9bC1.lkgU0lhRn8vJ_V7DBjA-1765420843-1.0.1.1-vu0eSLojtS9enUCbBiyGQXDD5vjbCrS7s4KPqeAiSqQ",cFPWv: 'g',cITimeS: '1765420843',cTplC:0,cTplV:5,cTplB: '0',fa:"\/api\/users\/None?__cf_chl_f_tk=bYjFRPgEdZ5Hohli3bF9bC1.lkgU0lhRn8vJ_V7DBjA-1765420843-1.0.1.1-vu0eSLojtS9enUCbBiyGQXDD5vjbCrS7s4KPqeAiSqQ",md: 'mUbQKS8A5unvu.lyjuTgwXmFJVXTUDZBg6F8Ze52GyU-1765420843-1.2.1.1-R.s_JQt9f38vk5Mz6vDEV6eF7nWEgcQNXMqg.2tl5LU0wf.VSZf07Z7wDcyW81qkUwb.DujYEk8Geo2SFr7m6jjS4yGDKdGhjOn9pXpAUOK3Uq7KfwbG79PPWzN8eUoGlrQ6HnyxEpfXf2jgbDGcitctc8DOph_ej_CMFaOIPm4IWntU5ldhD7TErNKVSugMB52sN0lvRwaO3ybfst7MHzrg_jLgvYhcl77MJDOxh.EekTy2zcdK72Lz1x2t9lVJmpy9YxeHPd5U2Ub_fMbQs3GUxYaus3GoLbpr8jwf1yIX0EkH.ZUShBYpjieY23BlsmiONKtgENe118ug2c1liBng3Gm6Cw4ist4jXpuPzBrgu6sY9nyj9lzuGxm6d0GQc9J1fyBX43eAH3OOEYSkoCpLhkbMOZqGhC40u8a4MlEPbbh8okTP9kCHk4if1DOzxptDjNZshaGhiUZYhoeOWwjvZEb5UJt986CpipKV7Q4ifuhITlrnzfLKS3druW9fGIb_3n3hI4L0ik3qaMVN5S0t6kEnH4lp96sQM.SR2_ZxIOGb8wmMErFVBqpt4t8e2qfhDJDUbwGHEK3EpjwRVwUyJOzMMThKYeYc_H.ZlxgsH.38mKmTLBmWXKv5l3VwnUOe29kA1ZNnNFDBZYs7nZRV61Q1cd6JjlEZFnYT_OlsiGW6S_NNlmbda68XNMzuCKugR8ijBaUE9WhpUxT7q3zCHbWwbBSRwjhWdBnWtlwegpHy04.aaXZ2NCrO_kwzkO35X9DDSaYr.wghbuaTJEJ0Kmq_KgucN0kFQ9i3DwADXiX0nMxhZPg736QYpoPW7SYiZuPUr.6U3FMSOiDQHmqeuQSjcMwdhkjPy11Z76NXaVd4B2QbG1thouZa9hCbrXTPwyeXAgHtPaDLP9ZP_JBHFDgjiEaTH4g6v1UCF5FAh_xr4u_M.hQjQcYlJX59t9E32GB8bbRCaBoDK7fHUQ',mdrd: 'U8anAWdEFILXo8qOSjPCL982juMn5iHYwjiJ4QG7ioI-1765420843-1.2.1.1-mZDiKZ0dLmP5BgFOkdba1tw9Ov4fbjBV_.fsjQa7iak_3QCZYmUU__ixbZ0eskk8l45itVxvC7q82SjtCc8SQ4bEubcYA6k3kZlMroZvnHldG.f7sF7yytI0lbjMJjcdKtjZmbIEM0qXOT2FDn3l1sxWClMJUAkX26kbpsalPqhxyVZYqYwUZwcQrWHvZKBnHjGY0H1qIA_fl7wXmfKY0QJunj7pQJwMDHa8rE9AcYaVmY_mOU8bmA9HXbdi9cunHYjLOlcOQOOWo4z1cEJLdWxBE2GDuDcjKhCsDioSexAi6wLvU362sXQTVWt.H92kGeoG1RoEnpfi9sCmWWpAweUqQ2vHWr2644FEtQTEt9DjaKZrnEgGLRwg.nM7EjxH9wt_nwWYgTsgqn.xUCAPc3ieiwP6GBPufhYbVeMytqYKEnPwtY9r3LFihKd.Pb6Yp_fzI1nUqpOhhTHWsa_KlbjNrMpyAfEkQ0b9mBbzZVLVrseZ9wf3E8WlqvqSG.QuDmrGxGf6VPa53qDgQVCtS2Ww21TMbn4tfyjHYnyRlCWjLRujcWIg05bP3HbQNGJBigecRbqEC2ZHua54_UlPTNVelW.Qn5oS6PghCjE9a6jD6XSK.NOvm.isGkuJywlY9_ZTAswB9ChdCdkvhTBdP8Sua7vAKHYGMmhnoTPqWpTkFQJR.OZxAiRnH9Y4rYKtDMRRztF0Qvm8J6Ayb3luF1UzKo8lh3.JCli.TsUEwhXM1AXceWjLve0omgJv06hXEkd2rNS.HiYeeJhqqEXM8APkkh7wX7x6S3g3K4VITnxpNxbbfPTITgw1AhHrglhBVq0KkhCwSmMFEOsvEJ0ToCNmwTcu_iabQPU1shS9S.R_M04Jashh2MMTyFF0Oakbol_MOii8s2FZMbVzVCkXPeA7RSW8Fh5N4t_6DDi3qOUghQ85Bp9kFJYezSEkrVgDhFKi4RtQ5nGQpBQD9dOLi49bP4FXHCjzTOdl4JW1k32.ApDOiqaY2Tn0K.hKG3_AjulSwgMVDD3YC4.Ermnu4aP2W33VAsM3vwm3fn10KnuHDK5TFiOIe7EW3po6DG8UJsZAj6UBVT_clL4d6Vh0jpgevVBN2uSd0zJ365RePh6EzLDe2vYm08VvHx7FEVdHnsF0d6OU92a8MwqukPcHVphbjQIKixYKZ4JdDX7cZbca1g_reMQ_f3cI43nvw1HDrn_i6MDT5ltq4J2QZqcx6bzNGR.nFRTPVnUG.YWaDHivrc.Cc3rmjQrvOlBHevqha90gtf30RaPQaUT73JEJn70sE4eefkwp9ykXrwYL6DNPk2ckOq6alM0D_yY3Zcxm_LX1CK4XocDJLkX1MW62_uCnd02CMdUA0sNRFLOMwqyzexB5X.Y3rG4DR.Z8HNF1L8NE5DB7Pgmge6wYnmF7DO16XlzUGAhUahKCkO8KqH6VN2iNk6rVDlS5w8dkjRI_LFqlkKItWgLFgcX8ZASv09pZE3qnNBbstGgH1xl5X_5R94AQmuspLqTz6wfRf6Mh0E75qxQ3eEgaM1MIYG1DxoLhfX6eZcE4ue1JY6wPdqoCL5eH5YhBlhhFagbF5LpUdzvQQ_5JRJJ0PKnt9JlItR6hu57Mxoy3s_gtC4nGU0n2do2OUdOw0IbDlGdV248IwQEc0ELCjP3yEAUeu.GCc8p.f5zsU_EXgdspF9qHdHgm021Mx045jXJAwYUANmoQbp2nyG5Kyp18IolR9TfQ5gCkajKGX8hDAkLRIk2g71VFTG4UDoH7iis9fZCyYgX47aYB21TgpQqtkgSjTYG6m9lKNhliUSkeFGFxwnZMhVHaAmMH0BeClPBl8y0t6815acNEZCt2CJU6SXb627415eVNI2zoDVs2zHlT9d1bYCMUaH3dJe1B0NqwoHJ2qjTFRKTus9FQ1KDcYv1GfC1eHtybnzuedbeeHLEpin2XkfTvOEUvW1Q6M9hFFaqEVlV1qLaDrcAozLGD9xeovWAVaSEDPru0wHqBAK1TYC1m66CCPBrtro.LdLuNQMCLWmj2WcFerJYfE_ao.jAsg5hGJ7AVgB3qJU9ZeX3BfqMhutCmwNnyo4fGkkkgSO21_h3GBdH0JVzpT1xQysQPHqH4ONs67u1itX0jou9iO7RWdy8NSRLwib1nsX31q0zX9n6im2d270_ZKNABdz.Qvnbz.dvr3eH2g2TYfJE8apRLfhKIHWxZMKdZni901kvo9cpOArHSSc1xGiZ9YUZJcBWv9_XPNsxIMg96XMVHznaAYsuWyjuRHnWIEqXOGbqvn1_NaisA6p_cl2zhMoiceOd0jMahuXcCrfS_gw1QBsgQIKKJYnmojdW0u.timFOyNseFXXjxts1h8YM3KEhSu8.jcQ',};var a = document.createElement('script');a.src = '/cdn-cgi/challenge-platform/h/g/orchestrate/chl_page/v1?ray=9ac19e6d7e1dc8ae';window._cf_chl_opt.cOgUHash = location.hash === '' &amp;&amp; location.href.indexOf('#') !== -1 ? '#' : location.hash;window._cf_chl_opt.cOgUQuery = location.search === '' &amp;&amp; location.href.slice(0, location.href.length - window._cf_chl_opt.cOgUHash.length).indexOf('?') !== -1 ? '?' : location.search;if (window.history &amp;&amp; window.history.replaceState) {var ogU = location.pathname + window._cf_chl_opt.cOgUQuery + window._cf_chl_opt.cOgUHash;history.replaceState(null, null,"\/api\/users\/None?__cf_chl_rt_tk=bYjFRPgEdZ5Hohli3bF9bC1.lkgU0lhRn8vJ_V7DBjA-1765420843-1.0.1.1-vu0eSLojtS9enUCbBiyGQXDD5vjbCrS7s4KPqeAiSqQ"+ window._cf_chl_opt.cOgUHash);a.onload = function() {history.replaceState(null, null, ogU);}}document.getElementsByTagName('head')[0].appendChild(a);}());&lt;/script&gt;&lt;/body&gt;&lt;/html&gt; 
 </msg>
<msg time="2025-12-10T23:40:42.383946" level="INFO">C:\Users\Leandro\AppData\Roaming\Python\Python313\site-packages\urllib3\connectionpool.py:1100: InsecureRequestWarning: Unverified HTTPS request is being made to host 'reqres.in'. Adding certificate verification is strongly advised. See: https://urllib3.readthedocs.io/en/latest/advanced-usage.html#tls-warnings
  warnings.warn(</msg>
<msg time="2025-12-10T23:40:42.384345" level="INFO">${response} = &lt;Response [403]&gt;</msg>
<var>${response}</var>
<arg>reqres</arg>
<arg>/users/${USER_ID}</arg>
<doc>*DEPRECATED* Please use `DELETE On Session` instead.</doc>
<status status="PASS" start="2025-12-10T23:40:42.311609" elapsed="0.072760"/>
</kw>
<kw name="Should Be Equal As Integers" owner="BuiltIn">
<msg time="2025-12-10T23:40:42.384810" level="INFO">Argument types are:
&lt;class 'int'&gt;
&lt;class 'str'&gt;</msg>
<msg time="2025-12-10T23:40:42.384868" level="FAIL">403 != 204</msg>
<arg>${response.status_code}</arg>
<arg>204</arg>
<doc>Fails if objects are unequal after converting them to integers.</doc>
<status status="FAIL" start="2025-12-10T23:40:42.384540" elapsed="0.000367">403 != 204</status>
</kw>
<status status="FAIL" start="2025-12-10T23:40:42.311392" elapsed="0.073790">403 != 204</status>
</test>
<status status="FAIL" start="2025-12-10T23:40:41.652831" elapsed="0.733395"/>
</suite>
<statistics>
<total>
<stat pass="0" fail="4" skip="0">All Tests</stat>
</total>
<tag>
</tag>
<suite>
<stat name="Reqres Crud" id="s1" pass="0" fail="4" skip="0">Reqres Crud</stat>
</suite>
</statistics>
<errors>
<msg time="2025-12-10T23:40:42.135732" level="WARN">Keyword 'RequestsLibrary.Post Request' is deprecated. Please use `POST On Session` instead.</msg>
<msg time="2025-12-10T23:40:42.241085" level="WARN">Keyword 'RequestsLibrary.Get Request' is deprecated. Please use `GET On Session` instead.</msg>
<msg time="2025-12-10T23:40:42.242491" level="WARN">Keyword 'RequestsLibrary.Put Request' is deprecated. Please use `PUT On Session` instead.</msg>
<msg time="2025-12-10T23:40:42.311628" level="WARN">Keyword 'RequestsLibrary.Delete Request' is deprecated. Please use `DELETE On Session` instead.</msg>
</errors>
</robot>
